<?xml version="1.0" encoding="UTF-8"?>
<!-- Generated by org.testng.reporters.JUnitReportReporter -->
<testsuite hostname="Vivek" failures="0" tests="1" name="com.saucedemo.Testpack.TC01Login" time="18.451" errors="0" timestamp="2023-10-08T21:50:37 IST" skipped="0">
  <testcase classname="com.saucedemo.Testpack.TC01Login" name="veryfyLoginFunctionality" time="18.451"/>
  <system-out/>
</testsuite> <!-- com.saucedemo.Testpack.TC01Login -->
