<?xml version="1.0" encoding="UTF-8"?>
<!-- Generated by org.testng.reporters.JUnitReportReporter -->
<testsuite hostname="Vivek" failures="0" tests="1" name="com.saucedemo.Testpack.Amazzon" time="7.161" errors="0" timestamp="2023-10-08T16:12:08 IST" skipped="0">
  <testcase classname="com.saucedemo.Testpack.Amazzon" name="amazonnTest" time="7.161"/>
  <system-out>
    <![CDATA[Opening Amazone Browser ]]>
  </system-out>
</testsuite> <!-- com.saucedemo.Testpack.Amazzon -->
